0 info it worked if it ends with ok
1 verbose cli [ '/usr/local/bin/node', '/usr/local/bin/npm', 'run', 'setup' ]
2 info using npm@3.8.9
3 info using node@v6.2.0
4 verbose run-script [ 'presetup', 'setup', 'postsetup' ]
5 info lifecycle georadix@~presetup: georadix@
6 silly lifecycle georadix@~presetup: no script for presetup, continuing
7 info lifecycle georadix@~setup: georadix@
8 verbose lifecycle georadix@~setup: unsafe-perm in lifecycle true
9 verbose lifecycle georadix@~setup: PATH: /usr/local/lib/node_modules/npm/bin/node-gyp-bin:/home/geo/drupal/docroot/themes/georadix/node_modules/.bin:/usr/local/bin:/usr/local/netbeans/bin:/opt/slickedit/bin:/usr/local/eclipse:/usr/local/bin:/usr/bin:/bin:/usr/local/games:/usr/games:/buildroot/build_arm_nofpu/staging_dir/bin:/usr/local/bin/MyPasswordSafe:/usr/lib/vslick/bin:/usr/sbin:.:/home/geo/bin:/home/geo/bin.sh:/home/geo/bin.pl:/home/geo/.rvm/bin:/usr/local/ant/bin:/usr/local/mh/bin
10 verbose lifecycle georadix@~setup: CWD: /home/geo/drupal/docroot/themes/georadix
11 silly lifecycle georadix@~setup: Args: [ '-c', 'npm install && bower install' ]
12 info lifecycle georadix@~setup: Failed to exec setup script
13 verbose stack Error: georadix@ setup: `npm install && bower install`
13 verbose stack spawn ENOENT
13 verbose stack     at ChildProcess.<anonymous> (/usr/local/lib/node_modules/npm/lib/utils/spawn.js:17:16)
13 verbose stack     at emitTwo (events.js:106:13)
13 verbose stack     at ChildProcess.emit (events.js:191:7)
13 verbose stack     at maybeClose (internal/child_process.js:850:16)
13 verbose stack     at Process.ChildProcess._handle.onexit (internal/child_process.js:215:5)
14 verbose pkgid georadix@
15 verbose cwd /home/geo/drupal/docroot/themes/georadix
16 error Linux 3.16.0-77-generic
17 error argv "/usr/local/bin/node" "/usr/local/bin/npm" "run" "setup"
18 error node v6.2.0
19 error npm  v3.8.9
20 error file sh
21 error code ELIFECYCLE
22 error errno ENOENT
23 error syscall spawn
24 error georadix@ setup: `npm install && bower install`
24 error spawn ENOENT
25 error Failed at the georadix@ setup script 'npm install && bower install'.
25 error Make sure you have the latest version of node.js and npm installed.
25 error If you do, this is most likely a problem with the georadix package,
25 error not with npm itself.
25 error Tell the author that this fails on your system:
25 error     npm install && bower install
25 error You can get information on how to open an issue for this project with:
25 error     npm bugs georadix
25 error Or if that isn't available, you can get their info via:
25 error     npm owner ls georadix
25 error There is likely additional logging output above.
26 verbose exit [ 1, true ]
